<?xml version="1.0" encoding="UTF-8" ?>
<testsuite tests="6" failures="0" name="com.baku.asyncstreampipeline.business.outbound.control.StreamMergerTest" time="0.108" errors="0" skipped="0">
  <properties>
[...]
</properties>
  <testcase classname="com.baku.asyncstreampipeline.business.outbound.control.StreamMergerTest" name="givenListWithIdenticalTimestamps_shouldReturnListWithSingleEntry" time="0.059"/>
  <testcase classname="com.baku.asyncstreampipeline.business.outbound.control.StreamMergerTest" name="shouldReturnNullWhenGivenEmptyMessagesList" time="0"/>
  <testcase classname="com.baku.asyncstreampipeline.business.outbound.control.StreamMergerTest" name="shouldReturnNullWhenGivenNullMessagesList" time="0"/>
  <testcase classname="com.baku.asyncstreampipeline.business.outbound.control.StreamMergerTest" name="givenListWithOnlyUniqueTimestamps_shouldReturnListOfTheSameSize" time="0.001"/>
  <testcase classname="com.baku.asyncstreampipeline.business.outbound.control.StreamMergerTest" name="givenListWithMergeableValues_shouldMergeMessages" time="0.042"/>
  <testcase classname="com.baku.asyncstreampipeline.business.outbound.control.StreamMergerTest" name="givenListWithMergeableValues_shouldSumAmounts" time="0.006"/>
</testsuite>